############################################################
#
# Example Protocol
#
# Copyright (C) 2019 Sergey Kolevatov
#
# This program is free software: you can redistribute it and/or modify
# it under the terms of the GNU General Public License as published by
# the Free Software Foundation, either version 3 of the License, or
# (at your option) any later version.
#
# This program is distributed in the hope that it will be useful,
# but WITHOUT ANY WARRANTY; without even the implied warranty of
# MERCHANTABILITY or FITNESS FOR A PARTICULAR PURPOSE. See the
# GNU General Public License for more details.
#
# You should have received a copy of the GNU General Public License
# along with this program. If not, see <http://www.gnu.org/licenses/>.
#

# $Revision: 12453 $ $Date:: 2019-12-09 #$ $Author: serge $

############################################################

protocol example_protocol

base generic_base

include "../basic_stuff"

include "communication"

############################################################

obj SomeObject
obj_end

############################################################
